<?xml version="1.0" encoding="UTF-8"?>
<testng-results ignored="0" total="4" passed="4" failed="0" skipped="0">
  <reporter-output>
  </reporter-output>
  <suite started-at="2025-04-01T21:11:01 IST" name="Default suite" finished-at="2025-04-01T21:11:01 IST" duration-ms="65">
    <groups>
    </groups>
    <test started-at="2025-04-01T21:11:01 IST" name="Default test" finished-at="2025-04-01T21:11:01 IST" duration-ms="65">
      <class name="testng.AdactinHotelApp">
        <test-method is-config="true" signature="beforetest()[pri:0, instance:testng.AdactinHotelApp@49c7b90e]" started-at="2025-04-01T21:11:01 IST" name="beforetest" finished-at="2025-04-01T21:11:01 IST" duration-ms="9" status="PASS">
          <reporter-output>
          </reporter-output>
        </test-method> <!-- beforetest -->
        <test-method is-config="true" signature="beforeClass1()[pri:0, instance:testng.AdactinHotelApp@49c7b90e]" started-at="2025-04-01T21:11:01 IST" name="beforeClass1" finished-at="2025-04-01T21:11:01 IST" duration-ms="0" status="PASS">
          <reporter-output>
          </reporter-output>
        </test-method> <!-- beforeClass1 -->
        <test-method is-config="true" signature="beforeClass()[pri:0, instance:testng.AdactinHotelApp@49c7b90e]" started-at="2025-04-01T21:11:01 IST" name="beforeClass" finished-at="2025-04-01T21:11:01 IST" duration-ms="0" status="PASS">
          <reporter-output>
          </reporter-output>
        </test-method> <!-- beforeClass -->
        <test-method is-config="true" signature="setUp()[pri:0, instance:testng.AdactinHotelApp@49c7b90e]" started-at="2025-04-01T21:11:01 IST" name="setUp" finished-at="2025-04-01T21:11:01 IST" duration-ms="0" status="PASS">
          <reporter-output>
          </reporter-output>
        </test-method> <!-- setUp -->
        <test-method signature="registrationTest()[pri:0, instance:testng.AdactinHotelApp@49c7b90e]" started-at="2025-04-01T21:11:01 IST" name="registrationTest" finished-at="2025-04-01T21:11:01 IST" duration-ms="7" status="PASS">
          <reporter-output>
          </reporter-output>
        </test-method> <!-- registrationTest -->
        <test-method is-config="true" signature="teardown()[pri:0, instance:testng.AdactinHotelApp@49c7b90e]" started-at="2025-04-01T21:11:01 IST" name="teardown" finished-at="2025-04-01T21:11:01 IST" duration-ms="0" status="PASS">
          <reporter-output>
          </reporter-output>
        </test-method> <!-- teardown -->
        <test-method is-config="true" signature="setUp()[pri:0, instance:testng.AdactinHotelApp@49c7b90e]" started-at="2025-04-01T21:11:01 IST" name="setUp" finished-at="2025-04-01T21:11:01 IST" duration-ms="1" status="PASS">
          <reporter-output>
          </reporter-output>
        </test-method> <!-- setUp -->
        <test-method signature="loginTest()[pri:2, instance:testng.AdactinHotelApp@49c7b90e]" started-at="2025-04-01T21:11:01 IST" name="loginTest" finished-at="2025-04-01T21:11:01 IST" duration-ms="3" status="PASS">
          <reporter-output>
          </reporter-output>
        </test-method> <!-- loginTest -->
        <test-method is-config="true" signature="teardown()[pri:0, instance:testng.AdactinHotelApp@49c7b90e]" started-at="2025-04-01T21:11:01 IST" name="teardown" finished-at="2025-04-01T21:11:01 IST" duration-ms="1" status="PASS">
          <reporter-output>
          </reporter-output>
        </test-method> <!-- teardown -->
        <test-method signature="forgotPasswordTest()[pri:3, instance:testng.AdactinHotelApp@49c7b90e]" started-at="2025-04-01T21:11:01 IST" name="forgotPasswordTest" finished-at="2025-04-01T21:11:01 IST" duration-ms="2" status="PASS">
          <reporter-output>
          </reporter-output>
        </test-method> <!-- forgotPasswordTest -->
        <test-method is-config="true" signature="setUp()[pri:0, instance:testng.AdactinHotelApp@49c7b90e]" started-at="2025-04-01T21:11:01 IST" name="setUp" finished-at="2025-04-01T21:11:01 IST" duration-ms="0" status="PASS">
          <reporter-output>
          </reporter-output>
        </test-method> <!-- setUp -->
        <test-method is-config="true" signature="teardown()[pri:0, instance:testng.AdactinHotelApp@49c7b90e]" started-at="2025-04-01T21:11:01 IST" name="teardown" finished-at="2025-04-01T21:11:01 IST" duration-ms="0" status="PASS">
          <reporter-output>
          </reporter-output>
        </test-method> <!-- teardown -->
        <test-method signature="changePasswordTest()[pri:4, instance:testng.AdactinHotelApp@49c7b90e]" started-at="2025-04-01T21:11:01 IST" name="changePasswordTest" finished-at="2025-04-01T21:11:01 IST" depends-on-methods="testng.AdactinHotelApp.loginTest" duration-ms="1" status="PASS">
          <reporter-output>
          </reporter-output>
        </test-method> <!-- changePasswordTest -->
        <test-method is-config="true" signature="setUp()[pri:0, instance:testng.AdactinHotelApp@49c7b90e]" started-at="2025-04-01T21:11:01 IST" name="setUp" finished-at="2025-04-01T21:11:01 IST" duration-ms="0" status="PASS">
          <reporter-output>
          </reporter-output>
        </test-method> <!-- setUp -->
        <test-method is-config="true" signature="teardown()[pri:0, instance:testng.AdactinHotelApp@49c7b90e]" started-at="2025-04-01T21:11:01 IST" name="teardown" finished-at="2025-04-01T21:11:01 IST" duration-ms="0" status="PASS">
          <reporter-output>
          </reporter-output>
        </test-method> <!-- teardown -->
        <test-method is-config="true" signature="afterClass()[pri:0, instance:testng.AdactinHotelApp@49c7b90e]" started-at="2025-04-01T21:11:01 IST" name="afterClass" finished-at="2025-04-01T21:11:01 IST" duration-ms="1" status="PASS">
          <reporter-output>
          </reporter-output>
        </test-method> <!-- afterClass -->
      </class> <!-- testng.AdactinHotelApp -->
    </test> <!-- Default test -->
  </suite> <!-- Default suite -->
</testng-results>
