<?xml version="1.0" encoding="UTF-8"?>
<testng-results ignored="0" total="1" passed="1" failed="0" skipped="0">
  <reporter-output>
  </reporter-output>
  <suite started-at="2025-03-31T08:38:31 IST" name="Default suite" finished-at="2025-03-31T08:38:50 IST" duration-ms="18882">
    <groups>
    </groups>
    <test started-at="2025-03-31T08:38:31 IST" name="Default test" finished-at="2025-03-31T08:38:50 IST" duration-ms="18882">
      <class name="smoke.ValidateLogin">
        <test-method signature="validateLoginTest()[pri:0, instance:smoke.ValidateLogin@2b91004a]" started-at="2025-03-31T08:38:31 IST" name="validateLoginTest" finished-at="2025-03-31T08:38:50 IST" duration-ms="18831" status="PASS">
          <reporter-output>
          </reporter-output>
        </test-method> <!-- validateLoginTest -->
      </class> <!-- smoke.ValidateLogin -->
    </test> <!-- Default test -->
  </suite> <!-- Default suite -->
</testng-results>
