<?xml version="1.0" encoding="UTF-8"?>
<!-- Generated by org.testng.reporters.JUnitXMLReporter -->
<testsuite ignored="0" hostname="LAPTOP-VNLB4L7E" failures="0" tests="4" name="Default test" time="0.065" errors="0" timestamp="2025-04-01T21:11:01 IST">
  <testcase classname="testng.AdactinHotelApp" name="registrationTest" time="0.007"/>
  <testcase classname="testng.AdactinHotelApp" name="loginTest" time="0.003"/>
  <testcase classname="testng.AdactinHotelApp" name="forgotPasswordTest" time="0.002"/>
  <testcase classname="testng.AdactinHotelApp" name="changePasswordTest" time="0.001"/>
</testsuite> <!-- Default test -->
